{"name":"Log","hostname":"CGCHN0140240005","pid":22948,"level":30,"version":"5.119.1","msg":"Ghost is running in development...","time":"2025-05-06T06:12:20.033Z","v":0}
{"name":"Log","hostname":"CGCHN0140240005","pid":22948,"level":30,"version":"5.119.1","msg":"Listening on: 127.0.0.1:2368","time":"2025-05-06T06:12:20.034Z","v":0}
{"name":"Log","hostname":"CGCHN0140240005","pid":22948,"level":30,"version":"5.119.1","msg":"Url configured as: https://www.mhto.in/","time":"2025-05-06T06:12:20.034Z","v":0}
{"name":"Log","hostname":"CGCHN0140240005","pid":22948,"level":30,"version":"5.119.1","msg":"Ctrl+C to shut down","time":"2025-05-06T06:12:20.034Z","v":0}
{"name":"Log","hostname":"CGCHN0140240005","pid":22948,"level":30,"version":"5.119.1","msg":"Ghost server started in 0.91s","time":"2025-05-06T06:12:20.035Z","v":0}
{"name":"Log","hostname":"CGCHN0140240005","pid":22948,"level":40,"version":"5.119.1","msg":"Database state requires migration.","time":"2025-05-06T06:12:20.381Z","v":0}
{"name":"Log","hostname":"CGCHN0140240005","pid":22948,"level":30,"version":"5.119.1","msg":"Creating database backup","time":"2025-05-06T06:12:20.722Z","v":0}
{"name":"Log","hostname":"CGCHN0140240005","pid":22948,"level":30,"version":"5.119.1","msg":"Database backup written to C:\\Users\\CG9600\\Documents\\GitHub\\180030000123.github.io\\content\\data\\mhto.ghost.2025-05-06-06-12-20.json","time":"2025-05-06T06:12:20.826Z","v":0}
{"name":"Log","hostname":"CGCHN0140240005","pid":22948,"level":30,"version":"5.119.1","msg":"Running migrations.","time":"2025-05-06T06:12:20.826Z","v":0}
{"name":"Log","hostname":"CGCHN0140240005","pid":22948,"level":30,"version":"5.119.1","msg":"Adding setting: captcha_enabled","time":"2025-05-06T06:12:20.852Z","v":0}
{"name":"Log","hostname":"CGCHN0140240005","pid":22948,"level":30,"version":"5.119.1","msg":"Adding setting: require_email_mfa","time":"2025-05-06T06:12:20.890Z","v":0}
{"name":"Log","hostname":"CGCHN0140240005","pid":22948,"level":30,"version":"5.119.1","msg":"Creating \"Super Editor\" role","time":"2025-05-06T06:12:20.922Z","v":0}
{"name":"Log","hostname":"CGCHN0140240005","pid":22948,"level":30,"version":"5.119.1","msg":"Adding permission(Browse Members) to role(Super Editor)","time":"2025-05-06T06:12:20.951Z","v":0}
{"name":"Log","hostname":"CGCHN0140240005","pid":22948,"level":30,"version":"5.119.1","msg":"Adding permission(Read Members) to role(Super Editor)","time":"2025-05-06T06:12:20.954Z","v":0}
{"name":"Log","hostname":"CGCHN0140240005","pid":22948,"level":30,"version":"5.119.1","msg":"Adding permission(Edit Members) to role(Super Editor)","time":"2025-05-06T06:12:20.956Z","v":0}
{"name":"Log","hostname":"CGCHN0140240005","pid":22948,"level":30,"version":"5.119.1","msg":"Adding permission(Add Members) to role(Super Editor)","time":"2025-05-06T06:12:20.958Z","v":0}
{"name":"Log","hostname":"CGCHN0140240005","pid":22948,"level":30,"version":"5.119.1","msg":"Adding permission(Delete Members) to role(Super Editor)","time":"2025-05-06T06:12:20.961Z","v":0}
{"name":"Log","hostname":"CGCHN0140240005","pid":22948,"level":30,"version":"5.119.1","msg":"Adding permission(Read offers) to role(Super Editor)","time":"2025-05-06T06:12:20.963Z","v":0}
{"name":"Log","hostname":"CGCHN0140240005","pid":22948,"level":30,"version":"5.119.1","msg":"Adding permission(Browse offers) to role(Super Editor)","time":"2025-05-06T06:12:20.966Z","v":0}
{"name":"Log","hostname":"CGCHN0140240005","pid":22948,"level":30,"version":"5.119.1","msg":"Adding permission(Read member signin urls) to role(Super Editor)","time":"2025-05-06T06:12:20.969Z","v":0}
{"name":"Log","hostname":"CGCHN0140240005","pid":22948,"level":30,"version":"5.119.1","msg":"Adding permission(Browse notifications) to role(Super Editor)","time":"2025-05-06T06:12:20.972Z","v":0}
{"name":"Log","hostname":"CGCHN0140240005","pid":22948,"level":30,"version":"5.119.1","msg":"Adding permission(Add notifications) to role(Super Editor)","time":"2025-05-06T06:12:20.976Z","v":0}
{"name":"Log","hostname":"CGCHN0140240005","pid":22948,"level":30,"version":"5.119.1","msg":"Adding permission(Delete notifications) to role(Super Editor)","time":"2025-05-06T06:12:20.979Z","v":0}
{"name":"Log","hostname":"CGCHN0140240005","pid":22948,"level":30,"version":"5.119.1","msg":"Adding permission(Generate slugs) to role(Super Editor)","time":"2025-05-06T06:12:20.982Z","v":0}
{"name":"Log","hostname":"CGCHN0140240005","pid":22948,"level":30,"version":"5.119.1","msg":"Adding permission(Browse posts) to role(Super Editor)","time":"2025-05-06T06:12:20.986Z","v":0}
{"name":"Log","hostname":"CGCHN0140240005","pid":22948,"level":30,"version":"5.119.1","msg":"Adding permission(Read posts) to role(Super Editor)","time":"2025-05-06T06:12:20.989Z","v":0}
{"name":"Log","hostname":"CGCHN0140240005","pid":22948,"level":30,"version":"5.119.1","msg":"Adding permission(Edit posts) to role(Super Editor)","time":"2025-05-06T06:12:20.992Z","v":0}
{"name":"Log","hostname":"CGCHN0140240005","pid":22948,"level":30,"version":"5.119.1","msg":"Adding permission(Add posts) to role(Super Editor)","time":"2025-05-06T06:12:20.995Z","v":0}
{"name":"Log","hostname":"CGCHN0140240005","pid":22948,"level":30,"version":"5.119.1","msg":"Adding permission(Delete posts) to role(Super Editor)","time":"2025-05-06T06:12:20.998Z","v":0}
{"name":"Log","hostname":"CGCHN0140240005","pid":22948,"level":30,"version":"5.119.1","msg":"Adding permission(Publish posts) to role(Super Editor)","time":"2025-05-06T06:12:21.001Z","v":0}
{"name":"Log","hostname":"CGCHN0140240005","pid":22948,"level":30,"version":"5.119.1","msg":"Adding permission(Browse settings) to role(Super Editor)","time":"2025-05-06T06:12:21.003Z","v":0}
{"name":"Log","hostname":"CGCHN0140240005","pid":22948,"level":30,"version":"5.119.1","msg":"Adding permission(Read settings) to role(Super Editor)","time":"2025-05-06T06:12:21.006Z","v":0}
{"name":"Log","hostname":"CGCHN0140240005","pid":22948,"level":30,"version":"5.119.1","msg":"Adding permission(Browse tags) to role(Super Editor)","time":"2025-05-06T06:12:21.010Z","v":0}
{"name":"Log","hostname":"CGCHN0140240005","pid":22948,"level":30,"version":"5.119.1","msg":"Adding permission(Read tags) to role(Super Editor)","time":"2025-05-06T06:12:21.012Z","v":0}
{"name":"Log","hostname":"CGCHN0140240005","pid":22948,"level":30,"version":"5.119.1","msg":"Adding permission(Edit tags) to role(Super Editor)","time":"2025-05-06T06:12:21.015Z","v":0}
{"name":"Log","hostname":"CGCHN0140240005","pid":22948,"level":30,"version":"5.119.1","msg":"Adding permission(Add tags) to role(Super Editor)","time":"2025-05-06T06:12:21.017Z","v":0}
{"name":"Log","hostname":"CGCHN0140240005","pid":22948,"level":30,"version":"5.119.1","msg":"Adding permission(Delete tags) to role(Super Editor)","time":"2025-05-06T06:12:21.020Z","v":0}
{"name":"Log","hostname":"CGCHN0140240005","pid":22948,"level":30,"version":"5.119.1","msg":"Adding permission(Browse themes) to role(Super Editor)","time":"2025-05-06T06:12:21.022Z","v":0}
{"name":"Log","hostname":"CGCHN0140240005","pid":22948,"level":30,"version":"5.119.1","msg":"Adding permission(View active theme details) to role(Super Editor)","time":"2025-05-06T06:12:21.025Z","v":0}
{"name":"Log","hostname":"CGCHN0140240005","pid":22948,"level":30,"version":"5.119.1","msg":"Adding permission(Browse users) to role(Super Editor)","time":"2025-05-06T06:12:21.027Z","v":0}
{"name":"Log","hostname":"CGCHN0140240005","pid":22948,"level":30,"version":"5.119.1","msg":"Adding permission(Read users) to role(Super Editor)","time":"2025-05-06T06:12:21.030Z","v":0}
{"name":"Log","hostname":"CGCHN0140240005","pid":22948,"level":30,"version":"5.119.1","msg":"Adding permission(Edit users) to role(Super Editor)","time":"2025-05-06T06:12:21.033Z","v":0}
{"name":"Log","hostname":"CGCHN0140240005","pid":22948,"level":30,"version":"5.119.1","msg":"Adding permission(Add users) to role(Super Editor)","time":"2025-05-06T06:12:21.037Z","v":0}
{"name":"Log","hostname":"CGCHN0140240005","pid":22948,"level":30,"version":"5.119.1","msg":"Adding permission(Delete users) to role(Super Editor)","time":"2025-05-06T06:12:21.039Z","v":0}
{"name":"Log","hostname":"CGCHN0140240005","pid":22948,"level":30,"version":"5.119.1","msg":"Adding permission(Assign a role) to role(Super Editor)","time":"2025-05-06T06:12:21.042Z","v":0}
{"name":"Log","hostname":"CGCHN0140240005","pid":22948,"level":30,"version":"5.119.1","msg":"Adding permission(Browse roles) to role(Super Editor)","time":"2025-05-06T06:12:21.044Z","v":0}
{"name":"Log","hostname":"CGCHN0140240005","pid":22948,"level":30,"version":"5.119.1","msg":"Adding permission(Browse invites) to role(Super Editor)","time":"2025-05-06T06:12:21.045Z","v":0}
{"name":"Log","hostname":"CGCHN0140240005","pid":22948,"level":30,"version":"5.119.1","msg":"Adding permission(Read invites) to role(Super Editor)","time":"2025-05-06T06:12:21.048Z","v":0}
{"name":"Log","hostname":"CGCHN0140240005","pid":22948,"level":30,"version":"5.119.1","msg":"Adding permission(Add invites) to role(Super Editor)","time":"2025-05-06T06:12:21.051Z","v":0}
{"name":"Log","hostname":"CGCHN0140240005","pid":22948,"level":30,"version":"5.119.1","msg":"Adding permission(Delete invites) to role(Super Editor)","time":"2025-05-06T06:12:21.054Z","v":0}
{"name":"Log","hostname":"CGCHN0140240005","pid":22948,"level":30,"version":"5.119.1","msg":"Adding permission(Edit invites) to role(Super Editor)","time":"2025-05-06T06:12:21.057Z","v":0}
{"name":"Log","hostname":"CGCHN0140240005","pid":22948,"level":30,"version":"5.119.1","msg":"Adding permission(Email preview) to role(Super Editor)","time":"2025-05-06T06:12:21.060Z","v":0}
{"name":"Log","hostname":"CGCHN0140240005","pid":22948,"level":30,"version":"5.119.1","msg":"Adding permission(Send test email) to role(Super Editor)","time":"2025-05-06T06:12:21.063Z","v":0}
{"name":"Log","hostname":"CGCHN0140240005","pid":22948,"level":30,"version":"5.119.1","msg":"Adding permission(Read emails) to role(Super Editor)","time":"2025-05-06T06:12:21.066Z","v":0}
{"name":"Log","hostname":"CGCHN0140240005","pid":22948,"level":30,"version":"5.119.1","msg":"Adding permission(Browse emails) to role(Super Editor)","time":"2025-05-06T06:12:21.069Z","v":0}
{"name":"Log","hostname":"CGCHN0140240005","pid":22948,"level":30,"version":"5.119.1","msg":"Adding permission(Retry emails) to role(Super Editor)","time":"2025-05-06T06:12:21.072Z","v":0}
{"name":"Log","hostname":"CGCHN0140240005","pid":22948,"level":30,"version":"5.119.1","msg":"Adding permission(Browse snippets) to role(Super Editor)","time":"2025-05-06T06:12:21.075Z","v":0}
{"name":"Log","hostname":"CGCHN0140240005","pid":22948,"level":30,"version":"5.119.1","msg":"Adding permission(Read snippets) to role(Super Editor)","time":"2025-05-06T06:12:21.077Z","v":0}
{"name":"Log","hostname":"CGCHN0140240005","pid":22948,"level":30,"version":"5.119.1","msg":"Adding permission(Edit snippets) to role(Super Editor)","time":"2025-05-06T06:12:21.080Z","v":0}
{"name":"Log","hostname":"CGCHN0140240005","pid":22948,"level":30,"version":"5.119.1","msg":"Adding permission(Add snippets) to role(Super Editor)","time":"2025-05-06T06:12:21.083Z","v":0}
{"name":"Log","hostname":"CGCHN0140240005","pid":22948,"level":30,"version":"5.119.1","msg":"Adding permission(Delete snippets) to role(Super Editor)","time":"2025-05-06T06:12:21.086Z","v":0}
{"name":"Log","hostname":"CGCHN0140240005","pid":22948,"level":30,"version":"5.119.1","msg":"Adding permission(Browse labels) to role(Super Editor)","time":"2025-05-06T06:12:21.089Z","v":0}
{"name":"Log","hostname":"CGCHN0140240005","pid":22948,"level":30,"version":"5.119.1","msg":"Adding permission(Read labels) to role(Super Editor)","time":"2025-05-06T06:12:21.091Z","v":0}
{"name":"Log","hostname":"CGCHN0140240005","pid":22948,"level":30,"version":"5.119.1","msg":"Adding permission(Edit labels) to role(Super Editor)","time":"2025-05-06T06:12:21.094Z","v":0}
{"name":"Log","hostname":"CGCHN0140240005","pid":22948,"level":30,"version":"5.119.1","msg":"Adding permission(Add labels) to role(Super Editor)","time":"2025-05-06T06:12:21.097Z","v":0}
{"name":"Log","hostname":"CGCHN0140240005","pid":22948,"level":30,"version":"5.119.1","msg":"Adding permission(Delete labels) to role(Super Editor)","time":"2025-05-06T06:12:21.100Z","v":0}
{"name":"Log","hostname":"CGCHN0140240005","pid":22948,"level":30,"version":"5.119.1","msg":"Adding permission(Browse Products) to role(Super Editor)","time":"2025-05-06T06:12:21.103Z","v":0}
{"name":"Log","hostname":"CGCHN0140240005","pid":22948,"level":30,"version":"5.119.1","msg":"Adding permission(Read Products) to role(Super Editor)","time":"2025-05-06T06:12:21.105Z","v":0}
{"name":"Log","hostname":"CGCHN0140240005","pid":22948,"level":30,"version":"5.119.1","msg":"Adding permission(Browse newsletters) to role(Super Editor)","time":"2025-05-06T06:12:21.108Z","v":0}
{"name":"Log","hostname":"CGCHN0140240005","pid":22948,"level":30,"version":"5.119.1","msg":"Adding permission(Read newsletters) to role(Super Editor)","time":"2025-05-06T06:12:21.110Z","v":0}
{"name":"Log","hostname":"CGCHN0140240005","pid":22948,"level":30,"version":"5.119.1","msg":"Adding permission(Browse collections) to role(Super Editor)","time":"2025-05-06T06:12:21.112Z","v":0}
{"name":"Log","hostname":"CGCHN0140240005","pid":22948,"level":30,"version":"5.119.1","msg":"Adding permission(Read collections) to role(Super Editor)","time":"2025-05-06T06:12:21.114Z","v":0}
{"name":"Log","hostname":"CGCHN0140240005","pid":22948,"level":30,"version":"5.119.1","msg":"Adding permission(Edit collections) to role(Super Editor)","time":"2025-05-06T06:12:21.117Z","v":0}
{"name":"Log","hostname":"CGCHN0140240005","pid":22948,"level":30,"version":"5.119.1","msg":"Adding permission(Add collections) to role(Super Editor)","time":"2025-05-06T06:12:21.120Z","v":0}
{"name":"Log","hostname":"CGCHN0140240005","pid":22948,"level":30,"version":"5.119.1","msg":"Adding permission(Delete collections) to role(Super Editor)","time":"2025-05-06T06:12:21.123Z","v":0}
{"name":"Log","hostname":"CGCHN0140240005","pid":22948,"level":30,"version":"5.119.1","msg":"Adding permission(Moderate comments) to role(Super Editor)","time":"2025-05-06T06:12:21.124Z","v":0}
{"name":"Log","hostname":"CGCHN0140240005","pid":22948,"level":30,"version":"5.119.1","msg":"Adding permission(Like comments) to role(Super Editor)","time":"2025-05-06T06:12:21.126Z","v":0}
{"name":"Log","hostname":"CGCHN0140240005","pid":22948,"level":30,"version":"5.119.1","msg":"Adding permission(Unlike comments) to role(Super Editor)","time":"2025-05-06T06:12:21.128Z","v":0}
{"name":"Log","hostname":"CGCHN0140240005","pid":22948,"level":30,"version":"5.119.1","msg":"Adding permission(Add comments) to role(Super Editor)","time":"2025-05-06T06:12:21.131Z","v":0}
{"name":"Log","hostname":"CGCHN0140240005","pid":22948,"level":30,"version":"5.119.1","msg":"Adding permission(Edit comments) to role(Super Editor)","time":"2025-05-06T06:12:21.133Z","v":0}
{"name":"Log","hostname":"CGCHN0140240005","pid":22948,"level":30,"version":"5.119.1","msg":"Adding permission(Delete comments) to role(Super Editor)","time":"2025-05-06T06:12:21.135Z","v":0}
{"name":"Log","hostname":"CGCHN0140240005","pid":22948,"level":30,"version":"5.119.1","msg":"Adding permission(Read comments) to role(Super Editor)","time":"2025-05-06T06:12:21.138Z","v":0}
{"name":"Log","hostname":"CGCHN0140240005","pid":22948,"level":30,"version":"5.119.1","msg":"Adding permission(Browse comments) to role(Super Editor)","time":"2025-05-06T06:12:21.140Z","v":0}
{"name":"Log","hostname":"CGCHN0140240005","pid":22948,"level":30,"version":"5.119.1","msg":"Adding permission(Report comments) to role(Super Editor)","time":"2025-05-06T06:12:21.142Z","v":0}
{"name":"Log","hostname":"CGCHN0140240005","pid":22948,"level":30,"version":"5.119.1","msg":"Adding index for 'uuid' in table 'posts'","time":"2025-05-06T06:12:21.175Z","v":0}
{"name":"Log","hostname":"CGCHN0140240005","pid":22948,"level":30,"version":"5.119.1","msg":"Adding permission(Read identities) to role(Administrator)","time":"2025-05-06T06:12:21.206Z","v":0}
{"name":"Log","hostname":"CGCHN0140240005","pid":22948,"level":30,"version":"5.119.1","msg":"Adding users.threads column","time":"2025-05-06T06:12:21.242Z","v":0}
{"name":"Log","hostname":"CGCHN0140240005","pid":22948,"level":30,"version":"5.119.1","msg":"Adding users.bluesky column","time":"2025-05-06T06:12:21.260Z","v":0}
{"name":"Log","hostname":"CGCHN0140240005","pid":22948,"level":30,"version":"5.119.1","msg":"Adding users.mastodon column","time":"2025-05-06T06:12:21.274Z","v":0}
{"name":"Log","hostname":"CGCHN0140240005","pid":22948,"level":30,"version":"5.119.1","msg":"Adding users.tiktok column","time":"2025-05-06T06:12:21.290Z","v":0}
{"name":"Log","hostname":"CGCHN0140240005","pid":22948,"level":30,"version":"5.119.1","msg":"Adding users.youtube column","time":"2025-05-06T06:12:21.305Z","v":0}
{"name":"Log","hostname":"CGCHN0140240005","pid":22948,"level":30,"version":"5.119.1","msg":"Adding users.instagram column","time":"2025-05-06T06:12:21.319Z","v":0}
{"name":"Log","hostname":"CGCHN0140240005","pid":22948,"level":30,"version":"5.119.1","msg":"Adding users.linkedin column","time":"2025-05-06T06:12:21.335Z","v":0}
{"name":"Log","hostname":"CGCHN0140240005","pid":22948,"level":30,"version":"5.119.1","msg":"Removing setting: captcha_enabled","time":"2025-05-06T06:12:21.365Z","v":0}
{"name":"Log","hostname":"CGCHN0140240005","pid":22948,"level":30,"version":"5.119.1","msg":"Database is in a ready state.","time":"2025-05-06T06:12:21.499Z","v":0}
{"name":"Log","hostname":"CGCHN0140240005","pid":22948,"level":30,"version":"5.119.1","msg":"Ghost database ready in 2.377s","time":"2025-05-06T06:12:21.502Z","v":0}
{"name":"Log","hostname":"CGCHN0140240005","pid":22948,"level":30,"version":"5.119.1","msg":"Invalidating assets for regeneration","time":"2025-05-06T06:12:24.283Z","v":0}
{"name":"Log","hostname":"CGCHN0140240005","pid":22948,"level":30,"version":"5.119.1","msg":"Adding offloaded job to the inline job queue","time":"2025-05-06T06:12:27.227Z","v":0}
{"name":"Log","hostname":"CGCHN0140240005","pid":22948,"level":30,"version":"5.119.1","msg":"Scheduling job mentions-email-report at 8 24 * * * *. Next run on: Tue May 06 2025 12:24:08 GMT+0530 (India Standard Time)","time":"2025-05-06T06:12:27.249Z","v":0}
{"name":"Log","hostname":"CGCHN0140240005","pid":22948,"level":30,"version":"5.119.1","msg":"Adding offloaded job to the inline job queue","time":"2025-05-06T06:12:28.225Z","v":0}
{"name":"Log","hostname":"CGCHN0140240005","pid":22948,"level":30,"version":"5.119.1","msg":"Scheduling job clean-expired-comped at 10 11 5 * * *. Next run on: Wed May 07 2025 05:11:10 GMT+0530 (India Standard Time)","time":"2025-05-06T06:12:28.233Z","v":0}
{"name":"Log","hostname":"CGCHN0140240005","pid":22948,"level":30,"version":"5.119.1","msg":"Adding offloaded job to the inline job queue","time":"2025-05-06T06:12:28.248Z","v":0}
{"name":"Log","hostname":"CGCHN0140240005","pid":22948,"level":30,"version":"5.119.1","msg":"Scheduling job clean-tokens at 26 12 17 * * *. Next run on: Tue May 06 2025 17:12:26 GMT+0530 (India Standard Time)","time":"2025-05-06T06:12:28.257Z","v":0}
{"name":"Log","hostname":"CGCHN0140240005","pid":22948,"level":30,"version":"5.119.1","msg":"URL Service ready in 4711ms","time":"2025-05-06T06:12:28.448Z","v":0}
{"name":"Log","hostname":"CGCHN0140240005","pid":22948,"level":30,"version":"5.119.1","msg":"Ghost booted in 9.343s","time":"2025-05-06T06:12:28.469Z","v":0}
{"name":"Log","hostname":"CGCHN0140240005","pid":22948,"level":30,"version":"5.119.1","msg":"Adding offloaded job to the inline job queue","time":"2025-05-06T06:12:28.549Z","v":0}
{"name":"Log","hostname":"CGCHN0140240005","pid":22948,"level":30,"version":"5.119.1","msg":"Scheduling job update-check at 48 54 11 * * *. Next run on: Tue May 06 2025 11:54:48 GMT+0530 (India Standard Time)","time":"2025-05-06T06:12:28.555Z","v":0}
{"name":"Log","hostname":"CGCHN0140240005","pid":22948,"level":30,"version":"5.119.1","msg":"Running milestone emails job on Tue May 06 2025 11:42:33 GMT+0530 (India Standard Time)","time":"2025-05-06T06:12:28.584Z","v":0}
{"name":"Log","hostname":"CGCHN0140240005","pid":32936,"level":30,"version":"5.119.1","msg":"Ghost is running in development...","time":"2025-05-06T06:17:48.396Z","v":0}
{"name":"Log","hostname":"CGCHN0140240005","pid":32936,"level":30,"version":"5.119.1","msg":"Listening on: 127.0.0.1:2368","time":"2025-05-06T06:17:48.398Z","v":0}
{"name":"Log","hostname":"CGCHN0140240005","pid":32936,"level":30,"version":"5.119.1","msg":"Url configured as: https://www.mhto.in/","time":"2025-05-06T06:17:48.398Z","v":0}
{"name":"Log","hostname":"CGCHN0140240005","pid":32936,"level":30,"version":"5.119.1","msg":"Ctrl+C to shut down","time":"2025-05-06T06:17:48.398Z","v":0}
{"name":"Log","hostname":"CGCHN0140240005","pid":32936,"level":30,"version":"5.119.1","msg":"Ghost server started in 0.936s","time":"2025-05-06T06:17:48.399Z","v":0}
{"name":"Log","hostname":"CGCHN0140240005","pid":32936,"level":30,"version":"5.119.1","msg":"Database is in a ready state.","time":"2025-05-06T06:17:48.674Z","v":0}
{"name":"Log","hostname":"CGCHN0140240005","pid":32936,"level":30,"version":"5.119.1","msg":"Ghost database ready in 1.215s","time":"2025-05-06T06:17:48.678Z","v":0}
{"name":"Log","hostname":"CGCHN0140240005","pid":32936,"level":30,"version":"5.119.1","msg":"Invalidating assets for regeneration","time":"2025-05-06T06:17:51.371Z","v":0}
{"name":"Log","hostname":"CGCHN0140240005","pid":32936,"level":30,"version":"5.119.1","msg":"Adding offloaded job to the inline job queue","time":"2025-05-06T06:17:54.362Z","v":0}
{"name":"Log","hostname":"CGCHN0140240005","pid":32936,"level":30,"version":"5.119.1","msg":"Scheduling job mentions-email-report at 5 18 * * * *. Next run on: Tue May 06 2025 12:18:05 GMT+0530 (India Standard Time)","time":"2025-05-06T06:17:54.385Z","v":0}
{"name":"Log","hostname":"CGCHN0140240005","pid":32936,"level":30,"version":"5.119.1","msg":"Adding offloaded job to the inline job queue","time":"2025-05-06T06:17:55.402Z","v":0}
{"name":"Log","hostname":"CGCHN0140240005","pid":32936,"level":30,"version":"5.119.1","msg":"Scheduling job clean-expired-comped at 31 30 0 * * *. Next run on: Wed May 07 2025 00:30:31 GMT+0530 (India Standard Time)","time":"2025-05-06T06:17:55.411Z","v":0}
{"name":"Log","hostname":"CGCHN0140240005","pid":32936,"level":30,"version":"5.119.1","msg":"Adding offloaded job to the inline job queue","time":"2025-05-06T06:17:55.425Z","v":0}
{"name":"Log","hostname":"CGCHN0140240005","pid":32936,"level":30,"version":"5.119.1","msg":"Scheduling job clean-tokens at 40 24 12 * * *. Next run on: Tue May 06 2025 12:24:40 GMT+0530 (India Standard Time)","time":"2025-05-06T06:17:55.433Z","v":0}
{"name":"Log","hostname":"CGCHN0140240005","pid":32936,"level":30,"version":"5.119.1","msg":"URL Service ready in 4898ms","time":"2025-05-06T06:17:55.624Z","v":0}
{"name":"Log","hostname":"CGCHN0140240005","pid":32936,"level":30,"version":"5.119.1","msg":"Ghost booted in 8.181s","time":"2025-05-06T06:17:55.645Z","v":0}
{"name":"Log","hostname":"CGCHN0140240005","pid":32936,"level":30,"version":"5.119.1","msg":"Adding offloaded job to the inline job queue","time":"2025-05-06T06:17:55.730Z","v":0}
{"name":"Log","hostname":"CGCHN0140240005","pid":32936,"level":30,"version":"5.119.1","msg":"Scheduling job update-check at 29 43 18 * * *. Next run on: Tue May 06 2025 18:43:29 GMT+0530 (India Standard Time)","time":"2025-05-06T06:17:55.738Z","v":0}
{"name":"Log","hostname":"CGCHN0140240005","pid":32936,"level":30,"version":"5.119.1","msg":"Running milestone emails job on Tue May 06 2025 11:48:00 GMT+0530 (India Standard Time)","time":"2025-05-06T06:17:55.773Z","v":0}
{"name":"Log","hostname":"CGCHN0140240005","pid":32936,"level":30,"version":"5.119.1","req":{"meta":{"requestId":"25fffd25-8c1d-4f96-8af7-58cb691f3f5d","userId":null},"url":"/","method":"GET","originalUrl":"/","params":{},"headers":{"host":"127.0.0.1:2368","user-agent":"Mozilla/5.0 (Windows NT 10.0; Win64; x64; rv:138.0) Gecko/20100101 Firefox/138.0","accept":"text/html,application/xhtml+xml,application/xml;q=0.9,*/*;q=0.8","accept-language":"en-US,en;q=0.5","accept-encoding":"gzip, deflate, br, zstd","connection":"keep-alive","upgrade-insecure-requests":"1","sec-fetch-dest":"document","sec-fetch-mode":"navigate","sec-fetch-site":"none","sec-fetch-user":"?1","priority":"u=0, i"},"query":{}},"res":{"_headers":{"x-powered-by":"Express","cache-control":"public, max-age=31536000","location":"https://127.0.0.1:2368/","vary":"Accept, Accept-Encoding","content-type":"text/html; charset=utf-8","content-length":"64"},"statusCode":301,"responseTime":"13ms"},"msg":"","time":"2025-05-06T06:18:01.926Z","v":0}
{"name":"Log","hostname":"CGCHN0140240005","pid":32936,"level":30,"version":"5.119.1","req":{"meta":{"requestId":"7174701c-9e13-4b78-b3b9-3658f92f7fa0","userId":null},"url":"/","method":"GET","originalUrl":"/","params":{},"headers":{"host":"127.0.0.1:2368","connection":"keep-alive","sec-ch-ua":"\"Google Chrome\";v=\"135\", \"Not-A.Brand\";v=\"8\", \"Chromium\";v=\"135\"","sec-ch-ua-mobile":"?0","sec-ch-ua-platform":"\"Windows\"","upgrade-insecure-requests":"1","user-agent":"Mozilla/5.0 (Windows NT 10.0; Win64; x64) AppleWebKit/537.36 (KHTML, like Gecko) Chrome/135.0.0.0 Safari/537.36","accept":"text/html,application/xhtml+xml,application/xml;q=0.9,image/avif,image/webp,image/apng,*/*;q=0.8,application/signed-exchange;v=b3;q=0.7","sec-fetch-site":"none","sec-fetch-mode":"navigate","sec-fetch-user":"?1","sec-fetch-dest":"document","accept-encoding":"gzip, deflate, br, zstd","accept-language":"en-US,en;q=0.9"},"query":{}},"res":{"_headers":{"x-powered-by":"Express","cache-control":"public, max-age=31536000","location":"https://127.0.0.1:2368/","vary":"Accept, Accept-Encoding","content-type":"text/html; charset=utf-8","content-length":"64"},"statusCode":301,"responseTime":"2ms"},"msg":"","time":"2025-05-06T06:18:26.674Z","v":0}
{"name":"Log","hostname":"CGCHN0140240005","pid":32936,"level":30,"version":"5.119.1","req":{"meta":{"requestId":"394c5db5-5ad1-446f-a722-c8e38327d108","userId":null},"url":"/","method":"GET","originalUrl":"/","params":{},"headers":{"host":"127.0.0.1:2368","connection":"keep-alive","sec-ch-ua":"\"Google Chrome\";v=\"135\", \"Not-A.Brand\";v=\"8\", \"Chromium\";v=\"135\"","sec-ch-ua-mobile":"?0","sec-ch-ua-platform":"\"Windows\"","upgrade-insecure-requests":"1","user-agent":"Mozilla/5.0 (Windows NT 10.0; Win64; x64) AppleWebKit/537.36 (KHTML, like Gecko) Chrome/135.0.0.0 Safari/537.36","accept":"text/html,application/xhtml+xml,application/xml;q=0.9,image/avif,image/webp,image/apng,*/*;q=0.8,application/signed-exchange;v=b3;q=0.7","sec-fetch-site":"none","sec-fetch-mode":"navigate","sec-fetch-user":"?1","sec-fetch-dest":"document","accept-encoding":"gzip, deflate, br, zstd","accept-language":"en-US,en;q=0.9"},"query":{}},"res":{"_headers":{"x-powered-by":"Express","cache-control":"public, max-age=31536000","location":"https://127.0.0.1:2368/","vary":"Accept, Accept-Encoding","content-type":"text/html; charset=utf-8","content-length":"64"},"statusCode":301,"responseTime":"1ms"},"msg":"","time":"2025-05-06T06:18:33.429Z","v":0}
